  ComputerGraphics4.cpp
C:\Users\asus\source\repos\컴그4\컴그4\ComputerGraphics4.cpp(101,12): warning C4305: '초기화 중': 'double'에서 'float'(으)로 잘립니다.
C:\Users\asus\source\repos\컴그4\컴그4\ComputerGraphics4.cpp(101,29): warning C4305: '초기화 중': 'double'에서 'float'(으)로 잘립니다.
C:\Users\asus\source\repos\컴그4\컴그4\ComputerGraphics4.cpp(101,46): warning C4305: '초기화 중': 'double'에서 'float'(으)로 잘립니다.
C:\Users\asus\source\repos\컴그4\컴그4\ComputerGraphics4.cpp(115,24): warning C4244: '=': 'double'에서 'float'(으)로 변환하면서 데이터가 손실될 수 있습니다.
C:\Users\asus\source\repos\컴그4\컴그4\ComputerGraphics4.cpp(116,24): warning C4244: '=': 'double'에서 'float'(으)로 변환하면서 데이터가 손실될 수 있습니다.
C:\Users\asus\source\repos\컴그4\컴그4\ComputerGraphics4.cpp(117,24): warning C4244: '=': 'double'에서 'float'(으)로 변환하면서 데이터가 손실될 수 있습니다.
C:\Users\asus\source\repos\컴그4\컴그4\ComputerGraphics4.cpp(118,24): warning C4244: '=': 'double'에서 'float'(으)로 변환하면서 데이터가 손실될 수 있습니다.
C:\Users\asus\source\repos\컴그4\컴그4\ComputerGraphics4.cpp(130,6): warning C4326: 'main'의 반환 형식이 'int'이어야 하는데 'void'입니다.
C:\Users\asus\source\repos\컴그4\컴그4\ComputerGraphics4.cpp(241,20): warning C4305: '+=': 'double'에서 'float'(으)로 잘립니다.
C:\Users\asus\source\repos\컴그4\컴그4\ComputerGraphics4.cpp(242,20): warning C4305: '+=': 'double'에서 'float'(으)로 잘립니다.
C:\Users\asus\source\repos\컴그4\컴그4\ComputerGraphics4.cpp(246,20): warning C4305: '-=': 'double'에서 'float'(으)로 잘립니다.
C:\Users\asus\source\repos\컴그4\컴그4\ComputerGraphics4.cpp(247,20): warning C4305: '-=': 'double'에서 'float'(으)로 잘립니다.
C:\Users\asus\source\repos\컴그4\컴그4\ComputerGraphics4.cpp(251,20): warning C4305: '+=': 'double'에서 'float'(으)로 잘립니다.
C:\Users\asus\source\repos\컴그4\컴그4\ComputerGraphics4.cpp(252,20): warning C4305: '+=': 'double'에서 'float'(으)로 잘립니다.
C:\Users\asus\source\repos\컴그4\컴그4\ComputerGraphics4.cpp(256,20): warning C4305: '-=': 'double'에서 'float'(으)로 잘립니다.
C:\Users\asus\source\repos\컴그4\컴그4\ComputerGraphics4.cpp(257,20): warning C4305: '-=': 'double'에서 'float'(으)로 잘립니다.
C:\Users\asus\source\repos\컴그4\컴그4\ComputerGraphics4.cpp(284,20): warning C4305: '+=': 'double'에서 'float'(으)로 잘립니다.
C:\Users\asus\source\repos\컴그4\컴그4\ComputerGraphics4.cpp(285,20): warning C4305: '+=': 'double'에서 'float'(으)로 잘립니다.
C:\Users\asus\source\repos\컴그4\컴그4\ComputerGraphics4.cpp(289,20): warning C4305: '-=': 'double'에서 'float'(으)로 잘립니다.
C:\Users\asus\source\repos\컴그4\컴그4\ComputerGraphics4.cpp(290,20): warning C4305: '-=': 'double'에서 'float'(으)로 잘립니다.
C:\Users\asus\source\repos\컴그4\컴그4\ComputerGraphics4.cpp(294,20): warning C4305: '+=': 'double'에서 'float'(으)로 잘립니다.
C:\Users\asus\source\repos\컴그4\컴그4\ComputerGraphics4.cpp(295,20): warning C4305: '+=': 'double'에서 'float'(으)로 잘립니다.
C:\Users\asus\source\repos\컴그4\컴그4\ComputerGraphics4.cpp(299,20): warning C4305: '-=': 'double'에서 'float'(으)로 잘립니다.
C:\Users\asus\source\repos\컴그4\컴그4\ComputerGraphics4.cpp(300,20): warning C4305: '-=': 'double'에서 'float'(으)로 잘립니다.
C:\Users\asus\source\repos\컴그4\컴그4\ComputerGraphics4.cpp(336,20): warning C4305: '-=': 'double'에서 'float'(으)로 잘립니다.
C:\Users\asus\source\repos\컴그4\컴그4\ComputerGraphics4.cpp(337,20): warning C4305: '-=': 'double'에서 'float'(으)로 잘립니다.
C:\Users\asus\source\repos\컴그4\컴그4\ComputerGraphics4.cpp(338,20): warning C4305: '+=': 'double'에서 'float'(으)로 잘립니다.
C:\Users\asus\source\repos\컴그4\컴그4\ComputerGraphics4.cpp(339,20): warning C4305: '+=': 'double'에서 'float'(으)로 잘립니다.
C:\Users\asus\source\repos\컴그4\컴그4\ComputerGraphics4.cpp(343,20): warning C4305: '+=': 'double'에서 'float'(으)로 잘립니다.
C:\Users\asus\source\repos\컴그4\컴그4\ComputerGraphics4.cpp(344,20): warning C4305: '+=': 'double'에서 'float'(으)로 잘립니다.
C:\Users\asus\source\repos\컴그4\컴그4\ComputerGraphics4.cpp(345,20): warning C4305: '-=': 'double'에서 'float'(으)로 잘립니다.
C:\Users\asus\source\repos\컴그4\컴그4\ComputerGraphics4.cpp(346,20): warning C4305: '-=': 'double'에서 'float'(으)로 잘립니다.
  컴그4.vcxproj -> C:\Users\asus\source\repos\컴그4\x64\Debug\컴그4.exe
