  ComputerGraphics6.cpp
C:\Users\asus\source\repos\컴그6\컴그6\ComputerGraphics6.cpp(66,27): warning C4244: '=': 'double'에서 'float'(으)로 변환하면서 데이터가 손실될 수 있습니다.
C:\Users\asus\source\repos\컴그6\컴그6\ComputerGraphics6.cpp(67,27): warning C4244: '=': 'double'에서 'float'(으)로 변환하면서 데이터가 손실될 수 있습니다.
C:\Users\asus\source\repos\컴그6\컴그6\ComputerGraphics6.cpp(78,6): warning C4326: 'main'의 반환 형식이 'int'이어야 하는데 'void'입니다.
C:\Users\asus\source\repos\컴그6\컴그6\ComputerGraphics6.cpp(160,39): warning C4244: '=': 'double'에서 'float'(으)로 변환하면서 데이터가 손실될 수 있습니다.
C:\Users\asus\source\repos\컴그6\컴그6\ComputerGraphics6.cpp(162,39): warning C4244: '=': 'double'에서 'float'(으)로 변환하면서 데이터가 손실될 수 있습니다.
C:\Users\asus\source\repos\컴그6\컴그6\ComputerGraphics6.cpp(166,39): warning C4244: '=': 'double'에서 'float'(으)로 변환하면서 데이터가 손실될 수 있습니다.
C:\Users\asus\source\repos\컴그6\컴그6\ComputerGraphics6.cpp(169,39): warning C4244: '=': 'double'에서 'float'(으)로 변환하면서 데이터가 손실될 수 있습니다.
C:\Users\asus\source\repos\컴그6\컴그6\ComputerGraphics6.cpp(174,39): warning C4244: '=': 'double'에서 'float'(으)로 변환하면서 데이터가 손실될 수 있습니다.
C:\Users\asus\source\repos\컴그6\컴그6\ComputerGraphics6.cpp(175,39): warning C4244: '=': 'double'에서 'float'(으)로 변환하면서 데이터가 손실될 수 있습니다.
C:\Users\asus\source\repos\컴그6\컴그6\ComputerGraphics6.cpp(180,39): warning C4244: '=': 'double'에서 'float'(으)로 변환하면서 데이터가 손실될 수 있습니다.
C:\Users\asus\source\repos\컴그6\컴그6\ComputerGraphics6.cpp(182,39): warning C4244: '=': 'double'에서 'float'(으)로 변환하면서 데이터가 손실될 수 있습니다.
C:\Users\asus\source\repos\컴그6\컴그6\ComputerGraphics6.cpp(202,39): warning C4244: '=': 'double'에서 'float'(으)로 변환하면서 데이터가 손실될 수 있습니다.
C:\Users\asus\source\repos\컴그6\컴그6\ComputerGraphics6.cpp(204,39): warning C4244: '=': 'double'에서 'float'(으)로 변환하면서 데이터가 손실될 수 있습니다.
C:\Users\asus\source\repos\컴그6\컴그6\ComputerGraphics6.cpp(208,39): warning C4244: '=': 'double'에서 'float'(으)로 변환하면서 데이터가 손실될 수 있습니다.
C:\Users\asus\source\repos\컴그6\컴그6\ComputerGraphics6.cpp(211,39): warning C4244: '=': 'double'에서 'float'(으)로 변환하면서 데이터가 손실될 수 있습니다.
C:\Users\asus\source\repos\컴그6\컴그6\ComputerGraphics6.cpp(216,39): warning C4244: '=': 'double'에서 'float'(으)로 변환하면서 데이터가 손실될 수 있습니다.
C:\Users\asus\source\repos\컴그6\컴그6\ComputerGraphics6.cpp(217,39): warning C4244: '=': 'double'에서 'float'(으)로 변환하면서 데이터가 손실될 수 있습니다.
C:\Users\asus\source\repos\컴그6\컴그6\ComputerGraphics6.cpp(222,39): warning C4244: '=': 'double'에서 'float'(으)로 변환하면서 데이터가 손실될 수 있습니다.
C:\Users\asus\source\repos\컴그6\컴그6\ComputerGraphics6.cpp(224,39): warning C4244: '=': 'double'에서 'float'(으)로 변환하면서 데이터가 손실될 수 있습니다.
C:\Users\asus\source\repos\컴그6\컴그6\ComputerGraphics6.cpp(244,39): warning C4244: '=': 'double'에서 'float'(으)로 변환하면서 데이터가 손실될 수 있습니다.
C:\Users\asus\source\repos\컴그6\컴그6\ComputerGraphics6.cpp(246,39): warning C4244: '=': 'double'에서 'float'(으)로 변환하면서 데이터가 손실될 수 있습니다.
C:\Users\asus\source\repos\컴그6\컴그6\ComputerGraphics6.cpp(250,39): warning C4244: '=': 'double'에서 'float'(으)로 변환하면서 데이터가 손실될 수 있습니다.
C:\Users\asus\source\repos\컴그6\컴그6\ComputerGraphics6.cpp(253,39): warning C4244: '=': 'double'에서 'float'(으)로 변환하면서 데이터가 손실될 수 있습니다.
C:\Users\asus\source\repos\컴그6\컴그6\ComputerGraphics6.cpp(258,39): warning C4244: '=': 'double'에서 'float'(으)로 변환하면서 데이터가 손실될 수 있습니다.
C:\Users\asus\source\repos\컴그6\컴그6\ComputerGraphics6.cpp(259,39): warning C4244: '=': 'double'에서 'float'(으)로 변환하면서 데이터가 손실될 수 있습니다.
C:\Users\asus\source\repos\컴그6\컴그6\ComputerGraphics6.cpp(264,39): warning C4244: '=': 'double'에서 'float'(으)로 변환하면서 데이터가 손실될 수 있습니다.
C:\Users\asus\source\repos\컴그6\컴그6\ComputerGraphics6.cpp(266,39): warning C4244: '=': 'double'에서 'float'(으)로 변환하면서 데이터가 손실될 수 있습니다.
C:\Users\asus\source\repos\컴그6\컴그6\ComputerGraphics6.cpp(286,39): warning C4244: '=': 'double'에서 'float'(으)로 변환하면서 데이터가 손실될 수 있습니다.
C:\Users\asus\source\repos\컴그6\컴그6\ComputerGraphics6.cpp(288,39): warning C4244: '=': 'double'에서 'float'(으)로 변환하면서 데이터가 손실될 수 있습니다.
C:\Users\asus\source\repos\컴그6\컴그6\ComputerGraphics6.cpp(292,39): warning C4244: '=': 'double'에서 'float'(으)로 변환하면서 데이터가 손실될 수 있습니다.
C:\Users\asus\source\repos\컴그6\컴그6\ComputerGraphics6.cpp(293,39): warning C4244: '=': 'double'에서 'float'(으)로 변환하면서 데이터가 손실될 수 있습니다.
C:\Users\asus\source\repos\컴그6\컴그6\ComputerGraphics6.cpp(295,39): warning C4244: '=': 'double'에서 'float'(으)로 변환하면서 데이터가 손실될 수 있습니다.
C:\Users\asus\source\repos\컴그6\컴그6\ComputerGraphics6.cpp(299,39): warning C4244: '=': 'double'에서 'float'(으)로 변환하면서 데이터가 손실될 수 있습니다.
C:\Users\asus\source\repos\컴그6\컴그6\ComputerGraphics6.cpp(300,39): warning C4244: '=': 'double'에서 'float'(으)로 변환하면서 데이터가 손실될 수 있습니다.
C:\Users\asus\source\repos\컴그6\컴그6\ComputerGraphics6.cpp(302,39): warning C4244: '=': 'double'에서 'float'(으)로 변환하면서 데이터가 손실될 수 있습니다.
C:\Users\asus\source\repos\컴그6\컴그6\ComputerGraphics6.cpp(306,39): warning C4244: '=': 'double'에서 'float'(으)로 변환하면서 데이터가 손실될 수 있습니다.
C:\Users\asus\source\repos\컴그6\컴그6\ComputerGraphics6.cpp(309,39): warning C4244: '=': 'double'에서 'float'(으)로 변환하면서 데이터가 손실될 수 있습니다.
C:\Users\asus\source\repos\컴그6\컴그6\ComputerGraphics6.cpp(314,39): warning C4244: '=': 'double'에서 'float'(으)로 변환하면서 데이터가 손실될 수 있습니다.
C:\Users\asus\source\repos\컴그6\컴그6\ComputerGraphics6.cpp(315,39): warning C4244: '=': 'double'에서 'float'(으)로 변환하면서 데이터가 손실될 수 있습니다.
C:\Users\asus\source\repos\컴그6\컴그6\ComputerGraphics6.cpp(320,39): warning C4244: '=': 'double'에서 'float'(으)로 변환하면서 데이터가 손실될 수 있습니다.
C:\Users\asus\source\repos\컴그6\컴그6\ComputerGraphics6.cpp(321,39): warning C4244: '=': 'double'에서 'float'(으)로 변환하면서 데이터가 손실될 수 있습니다.
C:\Users\asus\source\repos\컴그6\컴그6\ComputerGraphics6.cpp(322,39): warning C4244: '=': 'double'에서 'float'(으)로 변환하면서 데이터가 손실될 수 있습니다.
C:\Users\asus\source\repos\컴그6\컴그6\ComputerGraphics6.cpp(327,39): warning C4244: '=': 'double'에서 'float'(으)로 변환하면서 데이터가 손실될 수 있습니다.
C:\Users\asus\source\repos\컴그6\컴그6\ComputerGraphics6.cpp(328,39): warning C4244: '=': 'double'에서 'float'(으)로 변환하면서 데이터가 손실될 수 있습니다.
C:\Users\asus\source\repos\컴그6\컴그6\ComputerGraphics6.cpp(329,39): warning C4244: '=': 'double'에서 'float'(으)로 변환하면서 데이터가 손실될 수 있습니다.
C:\Users\asus\source\repos\컴그6\컴그6\ComputerGraphics6.cpp(334,39): warning C4244: '=': 'double'에서 'float'(으)로 변환하면서 데이터가 손실될 수 있습니다.
C:\Users\asus\source\repos\컴그6\컴그6\ComputerGraphics6.cpp(336,39): warning C4244: '=': 'double'에서 'float'(으)로 변환하면서 데이터가 손실될 수 있습니다.
C:\Users\asus\source\repos\컴그6\컴그6\ComputerGraphics6.cpp(362,20): warning C4305: '-=': 'double'에서 'float'(으)로 잘립니다.
C:\Users\asus\source\repos\컴그6\컴그6\ComputerGraphics6.cpp(363,20): warning C4305: '+=': 'double'에서 'float'(으)로 잘립니다.
C:\Users\asus\source\repos\컴그6\컴그6\ComputerGraphics6.cpp(364,20): warning C4305: '-=': 'double'에서 'float'(으)로 잘립니다.
C:\Users\asus\source\repos\컴그6\컴그6\ComputerGraphics6.cpp(365,20): warning C4305: '+=': 'double'에서 'float'(으)로 잘립니다.
C:\Users\asus\source\repos\컴그6\컴그6\ComputerGraphics6.cpp(369,20): warning C4305: '+=': 'double'에서 'float'(으)로 잘립니다.
C:\Users\asus\source\repos\컴그6\컴그6\ComputerGraphics6.cpp(370,20): warning C4305: '+=': 'double'에서 'float'(으)로 잘립니다.
C:\Users\asus\source\repos\컴그6\컴그6\ComputerGraphics6.cpp(371,20): warning C4305: '+=': 'double'에서 'float'(으)로 잘립니다.
C:\Users\asus\source\repos\컴그6\컴그6\ComputerGraphics6.cpp(372,20): warning C4305: '+=': 'double'에서 'float'(으)로 잘립니다.
C:\Users\asus\source\repos\컴그6\컴그6\ComputerGraphics6.cpp(376,20): warning C4305: '-=': 'double'에서 'float'(으)로 잘립니다.
C:\Users\asus\source\repos\컴그6\컴그6\ComputerGraphics6.cpp(377,20): warning C4305: '-=': 'double'에서 'float'(으)로 잘립니다.
C:\Users\asus\source\repos\컴그6\컴그6\ComputerGraphics6.cpp(378,20): warning C4305: '-=': 'double'에서 'float'(으)로 잘립니다.
C:\Users\asus\source\repos\컴그6\컴그6\ComputerGraphics6.cpp(379,20): warning C4305: '-=': 'double'에서 'float'(으)로 잘립니다.
C:\Users\asus\source\repos\컴그6\컴그6\ComputerGraphics6.cpp(383,20): warning C4305: '+=': 'double'에서 'float'(으)로 잘립니다.
C:\Users\asus\source\repos\컴그6\컴그6\ComputerGraphics6.cpp(384,20): warning C4305: '-=': 'double'에서 'float'(으)로 잘립니다.
C:\Users\asus\source\repos\컴그6\컴그6\ComputerGraphics6.cpp(385,20): warning C4305: '+=': 'double'에서 'float'(으)로 잘립니다.
C:\Users\asus\source\repos\컴그6\컴그6\ComputerGraphics6.cpp(386,20): warning C4305: '-=': 'double'에서 'float'(으)로 잘립니다.
C:\Users\asus\source\repos\컴그6\컴그6\ComputerGraphics6.cpp(390,20): warning C4305: '-=': 'double'에서 'float'(으)로 잘립니다.
C:\Users\asus\source\repos\컴그6\컴그6\ComputerGraphics6.cpp(391,20): warning C4305: '-=': 'double'에서 'float'(으)로 잘립니다.
C:\Users\asus\source\repos\컴그6\컴그6\ComputerGraphics6.cpp(395,20): warning C4305: '+=': 'double'에서 'float'(으)로 잘립니다.
C:\Users\asus\source\repos\컴그6\컴그6\ComputerGraphics6.cpp(396,20): warning C4305: '+=': 'double'에서 'float'(으)로 잘립니다.
C:\Users\asus\source\repos\컴그6\컴그6\ComputerGraphics6.cpp(400,20): warning C4305: '+=': 'double'에서 'float'(으)로 잘립니다.
C:\Users\asus\source\repos\컴그6\컴그6\ComputerGraphics6.cpp(401,20): warning C4305: '+=': 'double'에서 'float'(으)로 잘립니다.
C:\Users\asus\source\repos\컴그6\컴그6\ComputerGraphics6.cpp(405,20): warning C4305: '-=': 'double'에서 'float'(으)로 잘립니다.
C:\Users\asus\source\repos\컴그6\컴그6\ComputerGraphics6.cpp(406,20): warning C4305: '-=': 'double'에서 'float'(으)로 잘립니다.
C:\Users\asus\source\repos\컴그6\컴그6\ComputerGraphics6.cpp(409,19): warning C4305: '+=': 'double'에서 'float'(으)로 잘립니다.
C:\Users\asus\source\repos\컴그6\컴그6\ComputerGraphics6.cpp(410,19): warning C4305: '+=': 'double'에서 'float'(으)로 잘립니다.
C:\Users\asus\source\repos\컴그6\컴그6\ComputerGraphics6.cpp(411,19): warning C4305: '-=': 'double'에서 'float'(으)로 잘립니다.
C:\Users\asus\source\repos\컴그6\컴그6\ComputerGraphics6.cpp(412,19): warning C4305: '-=': 'double'에서 'float'(으)로 잘립니다.
  컴그6.vcxproj -> C:\Users\asus\source\repos\컴그6\x64\Debug\컴그6.exe
